2026-07-14 10:43:37,682 [INFO] Created 1 records
2026-07-14 10:44:00,045 [INFO] Created 1 records
2026-07-14 10:44:00,697 [INFO] Created 8 records
2026-07-14 10:44:00,704 [INFO] Created 1 records
2026-07-14 10:44:00,942 [INFO] Created 9 records
2026-07-14 10:44:03,758 [WARNING] 账号 2 登录失败：token 获取失败：401 {"error":"invalid_grant","error_description":"Invalid user credentials"}
2026-07-14 10:44:10,019 [WARNING] 账号 2 登录失败：token 获取失败：401 {"error":"invalid_grant","error_description":"Invalid user credentials"}
2026-07-14 10:44:36,134 [INFO] Created 1 records
2026-07-14 10:44:36,733 [INFO] Created 8 records
2026-07-14 10:44:36,741 [INFO] Created 1 records
2026-07-14 10:44:36,980 [INFO] Created 9 records
2026-07-14 10:44:39,857 [WARNING] 账号 2 登录失败：token 获取失败：401 {"error":"invalid_grant","error_description":"Invalid user credentials"}
2026-07-14 10:47:38,283 [INFO] Created 1 records
2026-07-14 10:47:38,291 [INFO] Created 1 records
2026-07-14 10:47:40,665 [WARNING] 账号 2 登录失败：token 获取失败：401 {"error":"invalid_grant","error_description":"Invalid user credentials"}
2026-07-14 10:48:17,098 [INFO] Created 1 records
2026-07-14 10:48:17,108 [INFO] Created 1 records
2026-07-14 10:48:20,348 [WARNING] 账号 2 登录失败：token 获取失败：401 {"error":"invalid_grant","error_description":"Invalid user credentials"}
2026-07-14 10:48:32,309 [INFO] Created 1 records
2026-07-14 10:48:32,317 [INFO] Created 1 records
2026-07-14 10:48:34,728 [WARNING] 账号 2 登录失败：token 获取失败：401 {"error":"invalid_grant","error_description":"Invalid user credentials"}
2026-07-14 14:44:14,385 [INFO] Created 1 records
2026-07-14 14:44:14,393 [INFO] Created 1 records
2026-07-14 14:44:16,773 [WARNING] 账号 2 登录失败：token 获取失败：401 {"error":"invalid_grant","error_description":"Invalid user credentials"}
2026-07-14 18:04:30,661 [INFO] Created 1 records
2026-07-14 18:04:33,368 [WARNING] 账号 2 登录失败：token 获取失败：401 {"error":"invalid_grant","error_description":"Invalid user credentials"}
2026-07-14 18:05:17,609 [INFO] Created 1 records
2026-07-14 18:05:19,816 [WARNING] 账号 2 登录失败：token 获取失败：401 {"error":"invalid_grant","error_description":"Invalid user credentials"}
2026-07-14 18:05:37,503 [INFO] Created 1 records
2026-07-14 18:05:40,133 [WARNING] 账号 2 登录失败：token 获取失败：401 {"error":"invalid_grant","error_description":"Invalid user credentials"}
2026-07-14 18:06:15,720 [INFO] Created 1 records
2026-07-14 18:08:10,338 [INFO] Created 1 records
2026-07-14 18:08:29,878 [INFO] Created 1 records
2026-07-14 18:09:43,894 [INFO] Created 1 records
2026-07-14 18:11:06,371 [INFO] Created 1 records
2026-07-14 18:11:46,351 [INFO] Created 1 records
2026-07-14 18:12:02,735 [INFO] Created 1 records
2026-07-14 18:16:11,524 [INFO] Created 1 records
2026-07-14 18:16:23,596 [INFO] 下载完成：3ae1de8f-072c-4395-b901-484afc46b8d9 -> ./sentinel_data\赤峰市\S2A_MSIL2A_20260709T030151_N0512_R032_T50TPM_20260709T060909.SAFE.zip
2026-07-14 18:17:20,000 [INFO] 下载完成：afbd4999-a78e-4954-b880-963a98589366 -> ./sentinel_data\赤峰市\S2A_MSIL2A_20260709T030151_N0512_R032_T50TQM_20260709T060909.SAFE.zip
2026-07-14 18:19:52,287 [INFO] 下载完成：0fd94508-a85f-4407-a61b-9f7660f400e5 -> ./sentinel_data\赤峰市\S2A_MSIL2A_20260709T030151_N0512_R032_T50TPN_20260709T070619.SAFE.zip
2026-07-14 18:20:17,514 [INFO] 下载完成：4023ab44-3fd7-4540-91fd-819deb1c63bf -> ./sentinel_data\赤峰市\S2A_MSIL2A_20260709T030151_N0512_R032_T51TUG_20260709T070619.SAFE.zip
2026-07-14 18:20:36,045 [INFO] 下载完成：81b887b9-23f6-4d76-8b1c-e7bda7bb1d46 -> ./sentinel_data\赤峰市\S2A_MSIL2A_20260709T030151_N0512_R032_T51TUG_20260709T060909.SAFE.zip
2026-07-14 18:20:38,738 [INFO] 下载完成：fbdd9b10-f116-43c8-a001-105c64f286cf -> ./sentinel_data\赤峰市\S2A_MSIL2A_20260709T030151_N0512_R032_T50TPN_20260709T060909.SAFE.zip
2026-07-14 18:20:40,949 [INFO] 下载完成：6dd0e77c-e21d-47cc-a55b-243f212d9d7a -> ./sentinel_data\赤峰市\S2A_MSIL2A_20260709T030151_N0512_R032_T50TNN_20260709T060909.SAFE.zip
2026-07-14 18:21:44,283 [INFO] 下载完成：ca9e2165-7a08-48ef-99ce-403e6d33d43f -> ./sentinel_data\赤峰市\S2A_MSIL2A_20260709T030151_N0512_R032_T50TQN_20260709T070619.SAFE.zip
2026-07-14 18:22:25,138 [INFO] 下载完成：b53e7fb1-c567-4af4-9a3b-7bddca5ce6e9 -> ./sentinel_data\赤峰市\S2A_MSIL2A_20260709T030151_N0512_R032_T51TTG_20260709T060909.SAFE.zip
2026-07-14 18:25:29,356 [INFO] 下载完成：eba5e99c-3962-448d-ac83-128a287e89ea -> ./sentinel_data\赤峰市\S2A_MSIL2A_20260709T030151_N0512_R032_T50TNN_20260709T070619.SAFE.zip
2026-07-14 18:51:03,763 [INFO] Created 1 records
2026-07-14 22:12:38,687 [INFO] Created 1 records
2026-07-14 22:13:08,094 [INFO] Created 1 records
2026-07-14 22:13:32,400 [INFO] 下载完成：4b022e91-38cb-4453-9e1e-ac380a897215 -> ./temp_data\赤峰市\S2B_MSIL2A_20260702T025519_N0512_R032_T51TUG_20260702T055453.SAFE.zip
2026-07-14 22:14:21,390 [INFO] 下载完成：929c4f43-7ddd-4af3-bd0d-1f2784153128 -> ./temp_data\赤峰市\S2B_MSIL2A_20260702T025519_N0512_R032_T51TUH_20260702T055453.SAFE.zip
2026-07-14 22:15:06,800 [INFO] 下载完成：8ba6d5c9-3d89-4839-8c30-eb766738707a -> ./temp_data\赤峰市\S2B_MSIL2A_20260702T025519_N0512_R032_T50TMM_20260702T055453.SAFE.zip
2026-07-14 22:15:17,943 [INFO] 下载完成：da9e8d66-011a-4d60-b402-4264c5d51fe5 -> ./temp_data\赤峰市\S2B_MSIL2A_20260702T025519_N0512_R032_T51TUJ_20260702T055453.SAFE.zip
2026-07-14 22:21:49,064 [INFO] 下载完成：e43d1432-9335-413c-b14d-fa62922098fd -> ./temp_data\赤峰市\S2B_MSIL2A_20260702T025519_N0512_R032_T50TNP_20260702T055453.SAFE.zip
2026-07-14 22:23:34,977 [INFO] 下载完成：17832909-1a66-49d4-9a59-10f392dcf75c -> ./temp_data\赤峰市\S2B_MSIL2A_20260702T025519_N0512_R032_T50TQN_20260702T055453.SAFE.zip
2026-07-14 22:25:33,038 [INFO] 下载完成：50ddc397-4bd5-4082-aae6-4c91a63d159d -> ./temp_data\赤峰市\S2B_MSIL2A_20260702T025519_N0512_R032_T51TTG_20260702T055453.SAFE.zip
2026-07-14 22:29:44,422 [INFO] 下载完成：a4cbd738-8a01-44f0-b17e-fcd0546c1073 -> ./temp_data\赤峰市\S2B_MSIL2A_20260702T025519_N0512_R032_T50TQQ_20260702T055453.SAFE.zip
2026-07-14 22:34:48,138 [INFO] 下载完成：dcb98e0f-9c9e-44e3-8f14-f59821e5deca -> ./temp_data\赤峰市\S2B_MSIL2A_20260702T025519_N0512_R032_T51TUK_20260702T055453.SAFE.zip
2026-07-14 22:40:51,746 [INFO] 下载完成：89e0604d-8920-43a5-870a-78a52004885f -> ./temp_data\赤峰市\S2B_MSIL2A_20260702T025519_N0512_R032_T50TNN_20260702T055453.SAFE.zip
2026-07-14 22:41:27,642 [INFO] 下载完成：da36d322-ac4b-4faf-9433-cff7e2f2d0e2 -> ./temp_data\赤峰市\S2B_MSIL2A_20260702T025519_N0512_R032_T50TPQ_20260702T055453.SAFE.zip
2026-07-14 22:43:59,829 [INFO] 下载完成：672fcf08-8538-4fb8-86d0-965d25a89f19 -> ./temp_data\赤峰市\S2B_MSIL2A_20260702T025519_N0512_R032_T50TQM_20260702T055453.SAFE.zip
2026-07-14 22:48:58,410 [WARNING] 请求返回 401，刷新 token 后重试：https://download.dataspace.copernicus.eu/odata/v1/Products(ebc25467-8e06-4de2-be63-9c0b13e92d3b)/$value
2026-07-14 22:55:48,006 [INFO] 下载完成：921d9ece-1b98-4f7d-8bc5-3ba83ab64a69 -> ./temp_data\赤峰市\S2B_MSIL2A_20260702T025519_N0512_R032_T50TQR_20260702T055453.SAFE.zip
2026-07-14 22:56:31,525 [INFO] 下载完成：ebc25467-8e06-4de2-be63-9c0b13e92d3b -> ./temp_data\赤峰市\S2B_MSIL2A_20260702T025519_N0512_R032_T50TPL_20260702T055453.SAFE.zip
2026-07-14 22:58:31,930 [INFO] 下载完成：ad6908b6-b8b0-4a08-a5b9-4a51d8ad43b4 -> ./temp_data\赤峰市\S2B_MSIL2A_20260702T025519_N0512_R032_T50TQP_20260702T055453.SAFE.zip
2026-07-14 23:09:36,935 [INFO] 下载完成：72b442bd-ab9d-426a-bca1-24bc6c606bfa -> ./temp_data\赤峰市\S2B_MSIL2A_20260702T025519_N0512_R032_T50TPP_20260702T055453.SAFE.zip
2026-07-14 23:11:12,593 [INFO] 下载完成：666ea2eb-9643-44a3-8abe-e662df6009b0 -> ./temp_data\赤峰市\S2B_MSIL2A_20260702T025519_N0512_R032_T50TPM_20260702T055453.SAFE.zip
2026-07-14 23:11:36,768 [INFO] 下载完成：f849fe0b-3bfc-469a-a0aa-8edf6f0aed87 -> ./temp_data\赤峰市\S2B_MSIL2A_20260702T025519_N0512_R032_T50TNM_20260702T055453.SAFE.zip
2026-07-14 23:19:47,791 [WARNING] 请求返回 401，刷新 token 后重试：https://download.dataspace.copernicus.eu/odata/v1/Products(01d371ad-5f36-4aa4-a141-32ea8b69c946)/$value
2026-07-14 23:19:57,013 [INFO] 下载完成：40f88234-0ed1-4f2d-b401-73a8d3e219ef -> ./temp_data\赤峰市\S2B_MSIL2A_20260702T025519_N0512_R032_T50TPN_20260702T055453.SAFE.zip
2026-07-14 23:27:31,028 [INFO] 下载完成：7a7048f7-34e4-49ea-a904-9309ea4fdb37 -> ./temp_data\赤峰市\S2A_MSIL2A_20260709T030151_N0512_R032_T50TPP_20260709T060909.SAFE.zip
2026-07-14 23:27:48,873 [INFO] 下载完成：01d371ad-5f36-4aa4-a141-32ea8b69c946 -> ./temp_data\赤峰市\S2B_MSIL2A_20260702T025519_N0512_R032_T50TNL_20260702T055453.SAFE.zip
2026-07-14 23:33:06,892 [INFO] 下载完成：77430ce8-b89a-4bd7-b037-0a6e8cef2ba7 -> ./temp_data\赤峰市\S2A_MSIL2A_20260709T030151_N0512_R032_T50TMM_20260709T070619.SAFE.zip
2026-07-14 23:43:14,926 [INFO] 下载完成：d56abb92-0369-4fe7-92db-3cc13301d55e -> ./temp_data\赤峰市\S2A_MSIL2A_20260709T030151_N0512_R032_T50TNQ_20260709T060909.SAFE.zip
2026-07-14 23:46:10,070 [INFO] 下载完成：7db3974f-14ba-4cf8-b0ef-59786d90cc46 -> ./temp_data\赤峰市\S2A_MSIL2A_20260709T030151_N0512_R032_T50TNP_20260709T060909.SAFE.zip
2026-07-14 23:47:00,555 [INFO] 下载完成：3b5d3599-c789-44a6-b3ba-f03b49c739ec -> ./temp_data\赤峰市\S2C_MSIL2A_20260710T030521_N0512_R075_T50TPR_20260710T081800.SAFE.zip
2026-07-14 23:51:05,803 [INFO] 下载完成：e6b9a7d4-0fe2-468f-acf5-3934f574ccea -> ./temp_data\赤峰市\S2A_MSIL2A_20260712T031151_N0512_R075_T50TMQ_20260712T063916.SAFE.zip
2026-07-14 23:52:48,253 [WARNING] 请求返回 401，刷新 token 后重试：https://download.dataspace.copernicus.eu/odata/v1/Products(84885649-8a47-4b3d-8505-408cd652eaba)/$value
2026-07-14 23:58:13,867 [INFO] 下载完成：84885649-8a47-4b3d-8505-408cd652eaba -> ./temp_data\赤峰市\S2A_MSIL2A_20260709T030151_N0512_R032_T50TPM_20260709T070619.SAFE.zip
2026-07-14 23:58:19,116 [INFO] 下载完成：9f19f332-7ebc-4218-b4a8-876e4a96da69 -> ./temp_data\赤峰市\S2A_MSIL2A_20260709T030151_N0512_R032_T50TQN_20260709T060909.SAFE.zip
2026-07-15 00:00:31,343 [INFO] 下载完成：23180543-c141-43f3-8642-4e732d4acef1 -> ./temp_data\赤峰市\S2A_MSIL2A_20260709T030151_N0512_R032_T50TNM_20260709T070619.SAFE.zip
2026-07-15 00:04:48,097 [INFO] 下载完成：19736885-1cd4-49b0-b825-84a9f7a8ce98 -> ./temp_data\赤峰市\S2A_MSIL2A_20260712T031151_N0512_R075_T50TPM_20260712T063916.SAFE.zip
